0 info it worked if it ends with ok
1 verbose cli [ 'q:\\NodeJS\\node.exe',
1 verbose cli   'q:\\NodeJS\\node_modules\\npm\\bin\\npm-cli.js',
1 verbose cli   'run',
1 verbose cli   'coffee' ]
2 info using npm@1.4.28
3 info using node@v0.10.32
4 verbose run-script [ 'precoffee', 'coffee', 'postcoffee' ]
5 info precoffee j@1.0.0
6 info coffee j@1.0.0
7 verbose unsafe-perm in lifecycle true
8 info j@1.0.0 Failed to exec coffee script
9 error j@1.0.0 coffee: `coffee -o app.js -c app.coffee && coffee -o public/js/ -c public/coffee/`
9 error Exit status 1
10 error Failed at the j@1.0.0 coffee script.
10 error This is most likely a problem with the j package,
10 error not with npm itself.
10 error Tell the author that this fails on your system:
10 error     coffee -o app.js -c app.coffee && coffee -o public/js/ -c public/coffee/
10 error You can get their info via:
10 error     npm owner ls j
10 error There is likely additional logging output above.
11 error System Windows_NT 6.1.7601
12 error command "q:\\NodeJS\\node.exe" "q:\\NodeJS\\node_modules\\npm\\bin\\npm-cli.js" "run" "coffee"
13 error cwd q:\dev\node\john
14 error node -v v0.10.32
15 error npm -v 1.4.28
16 error code ELIFECYCLE
17 verbose exit [ 1, true ]
